<?xml version="1.0" encoding="UTF-8"?>
<testsuite name="com.QA19.wiki.WikiTests" tests="1" skipped="0" failures="0" errors="0" timestamp="2019-04-09T06:25:04" hostname="MONTY" time="9.959">
  <properties/>
  <testcase name="openSite" classname="com.QA19.wiki.WikiTests" time="9.959"/>
  <system-out><![CDATA[]]></system-out>
  <system-err><![CDATA[Starting ChromeDriver 73.0.3683.68 (47787ec04b6e38e22703e856e101e840b65afe72) on port 47243
Only local connections are allowed.
Please protect ports used by ChromeDriver and related test frameworks to prevent access by malicious code.
??? 09, 2019 9:25:07 AM org.openqa.selenium.remote.ProtocolHandshake createSession
INFO: Detected dialect: OSS
]]></system-err>
</testsuite>
